0 info it worked if it ends with ok
1 verbose cli [ '/usr/local/bin/node',
1 verbose cli   '/usr/local/bin/npm',
1 verbose cli   'run',
1 verbose cli   'typecheck' ]
2 info using npm@3.8.6
3 info using node@v6.1.0
4 verbose run-script [ 'pretypecheck', 'typecheck', 'posttypecheck' ]
5 info lifecycle Olio-Skeleton@0.0.1~pretypecheck: Olio-Skeleton@0.0.1
6 silly lifecycle Olio-Skeleton@0.0.1~pretypecheck: no script for pretypecheck, continuing
7 info lifecycle Olio-Skeleton@0.0.1~typecheck: Olio-Skeleton@0.0.1
8 verbose lifecycle Olio-Skeleton@0.0.1~typecheck: unsafe-perm in lifecycle true
9 verbose lifecycle Olio-Skeleton@0.0.1~typecheck: PATH: /usr/local/lib/node_modules/npm/bin/node-gyp-bin:/home/rb2/Documents/olio/react_skeleton/node_modules/.bin:/usr/local/bin:/home/rb2/.rbenv/shims:/home/rb2/.rbenv/bin:/home/rb2/.rbenv/plugins/ruby-build/bin:/usr/local/android-studio/bin:/home/rb2/Android/Sdk/tools:/home/rb2/Android/Sdk/platform-tools:/usr/local/sbin:/usr/local/bin:/usr/sbin:/usr/bin:/sbin:/bin:/usr/games:/usr/local/games
10 verbose lifecycle Olio-Skeleton@0.0.1~typecheck: CWD: /home/rb2/Documents/olio/react_skeleton
11 silly lifecycle Olio-Skeleton@0.0.1~typecheck: Args: [ '-c', 'flow' ]
12 silly lifecycle Olio-Skeleton@0.0.1~typecheck: Returned: code: 2  signal: null
13 info lifecycle Olio-Skeleton@0.0.1~typecheck: Failed to exec typecheck script
14 verbose stack Error: Olio-Skeleton@0.0.1 typecheck: `flow`
14 verbose stack Exit status 2
14 verbose stack     at EventEmitter.<anonymous> (/usr/local/lib/node_modules/npm/lib/utils/lifecycle.js:239:16)
14 verbose stack     at emitTwo (events.js:106:13)
14 verbose stack     at EventEmitter.emit (events.js:191:7)
14 verbose stack     at ChildProcess.<anonymous> (/usr/local/lib/node_modules/npm/lib/utils/spawn.js:24:14)
14 verbose stack     at emitTwo (events.js:106:13)
14 verbose stack     at ChildProcess.emit (events.js:191:7)
14 verbose stack     at maybeClose (internal/child_process.js:850:16)
14 verbose stack     at Process.ChildProcess._handle.onexit (internal/child_process.js:215:5)
15 verbose pkgid Olio-Skeleton@0.0.1
16 verbose cwd /home/rb2/Documents/olio/react_skeleton
17 error Linux 4.7.2-galliumos
18 error argv "/usr/local/bin/node" "/usr/local/bin/npm" "run" "typecheck"
19 error node v6.1.0
20 error npm  v3.8.6
21 error code ELIFECYCLE
22 error Olio-Skeleton@0.0.1 typecheck: `flow`
22 error Exit status 2
23 error Failed at the Olio-Skeleton@0.0.1 typecheck script 'flow'.
23 error Make sure you have the latest version of node.js and npm installed.
23 error If you do, this is most likely a problem with the Olio-Skeleton package,
23 error not with npm itself.
23 error Tell the author that this fails on your system:
23 error     flow
23 error You can get information on how to open an issue for this project with:
23 error     npm bugs Olio-Skeleton
23 error Or if that isn't available, you can get their info via:
23 error     npm owner ls Olio-Skeleton
23 error There is likely additional logging output above.
24 verbose exit [ 1, true ]
